{
  "stats": {
    "suites": 1,
    "tests": 2,
    "passes": 2,
    "pending": 0,
    "failures": 0,
    "start": "2024-04-03T00:28:11.319Z",
    "end": "2024-04-03T00:28:19.167Z",
    "duration": 7848,
    "testsRegistered": 2,
    "passPercent": 100,
    "pendingPercent": 0,
    "other": 0,
    "hasOther": false,
    "skipped": 0,
    "hasSkipped": false
  },
  "results": [
    {
      "uuid": "b19086e6-2dc2-404e-a700-866b1ab7c88d",
      "title": "",
      "fullFile": "cypress\\e2e\\categoriesTest.cy.js",
      "file": "cypress\\e2e\\categoriesTest.cy.js",
      "beforeHooks": [],
      "afterHooks": [],
      "tests": [],
      "suites": [
        {
          "uuid": "154513df-b73d-4bf0-9a97-4b59e4eb2bc8",
          "title": "Enviroment Variables",
          "fullFile": "",
          "file": "",
          "beforeHooks": [],
          "afterHooks": [],
          "tests": [
            {
              "title": "Validação categoria Shoes",
              "fullTitle": "Enviroment Variables Validação categoria Shoes",
              "timedOut": null,
              "duration": 4945,
              "state": "passed",
              "speed": "fast",
              "pass": true,
              "fail": false,
              "pending": false,
              "context": null,
              "code": "//Utilizando uma fixures de categoria para separar os testes na mesma it\n            homePage.openSearchProduct()\n            homePage.openCategoriesFilter()\n            homePage.categories().should('contain.text', category.name)",
              "err": {},
              "uuid": "95662070-23e4-4480-a16c-2a77a8ed382b",
              "parentUUID": "154513df-b73d-4bf0-9a97-4b59e4eb2bc8",
              "isHook": false,
              "skipped": false
            },
            {
              "title": "Validação categoria Clothes",
              "fullTitle": "Enviroment Variables Validação categoria Clothes",
              "timedOut": null,
              "duration": 2791,
              "state": "passed",
              "speed": "fast",
              "pass": true,
              "fail": false,
              "pending": false,
              "context": null,
              "code": "//Utilizando uma fixures de categoria para separar os testes na mesma it\n            homePage.openSearchProduct()\n            homePage.openCategoriesFilter()\n            homePage.categories().should('contain.text', category.name)",
              "err": {},
              "uuid": "a88ec2b7-4d0a-4a44-9742-f83df6da4ee4",
              "parentUUID": "154513df-b73d-4bf0-9a97-4b59e4eb2bc8",
              "isHook": false,
              "skipped": false
            }
          ],
          "suites": [],
          "passes": [
            "95662070-23e4-4480-a16c-2a77a8ed382b",
            "a88ec2b7-4d0a-4a44-9742-f83df6da4ee4"
          ],
          "failures": [],
          "pending": [],
          "skipped": [],
          "duration": 7736,
          "root": false,
          "rootEmpty": false,
          "_timeout": 2000
        }
      ],
      "passes": [],
      "failures": [],
      "pending": [],
      "skipped": [],
      "duration": 0,
      "root": true,
      "rootEmpty": true,
      "_timeout": 2000
    }
  ],
  "meta": {
    "mocha": {
      "version": "7.0.1"
    },
    "mochawesome": {
      "options": {
        "quiet": false,
        "reportFilename": "[name]-result",
        "saveHtml": false,
        "saveJson": true,
        "consoleReporter": "spec",
        "useInlineDiffs": false,
        "code": true
      },
      "version": "7.1.3"
    },
    "marge": {
      "options": {
        "reportFilename": "[name]-result",
        "html": false
      },
      "version": "6.2.0"
    }
  }
}