{
  "stats": {
    "suites": 1,
    "tests": 2,
    "passes": 2,
    "pending": 0,
    "failures": 0,
    "start": "2024-04-03T00:28:21.256Z",
    "end": "2024-04-03T00:28:25.342Z",
    "duration": 4086,
    "testsRegistered": 2,
    "passPercent": 100,
    "pendingPercent": 0,
    "other": 0,
    "hasOther": false,
    "skipped": 0,
    "hasSkipped": false
  },
  "results": [
    {
      "uuid": "a67a955f-fe17-4ba2-8854-cde7ee4f8397",
      "title": "",
      "fullFile": "cypress\\e2e\\envTest.cy.js",
      "file": "cypress\\e2e\\envTest.cy.js",
      "beforeHooks": [],
      "afterHooks": [],
      "tests": [],
      "suites": [
        {
          "uuid": "81b55ce4-38df-4099-b824-329b075ce7f4",
          "title": "Enviroment Variables",
          "fullFile": "",
          "file": "",
          "beforeHooks": [],
          "afterHooks": [],
          "tests": [
            {
              "title": "Default Env",
              "fullTitle": "Enviroment Variables Default Env",
              "timedOut": null,
              "duration": 4002,
              "state": "passed",
              "speed": "fast",
              "pass": true,
              "fail": false,
              "pending": false,
              "context": null,
              "code": "cy.log(Cypress.env(\"MY_ENV\"));\ncy.log(Cypress.env(\"ebacStoreVersion\"));\ncy.visit(\"/\");",
              "err": {},
              "uuid": "4db76ded-3ea0-479f-9d03-cb33855fd091",
              "parentUUID": "81b55ce4-38df-4099-b824-329b075ce7f4",
              "isHook": false,
              "skipped": false
            },
            {
              "title": "Config test env",
              "fullTitle": "Enviroment Variables Config test env",
              "timedOut": null,
              "duration": 38,
              "state": "passed",
              "speed": "fast",
              "pass": true,
              "fail": false,
              "pending": false,
              "context": null,
              "code": "cy.log(Cypress.env(\"MY_ENV\"));",
              "err": {},
              "uuid": "84a57896-9a93-444d-a512-3d3063679f2f",
              "parentUUID": "81b55ce4-38df-4099-b824-329b075ce7f4",
              "isHook": false,
              "skipped": false
            }
          ],
          "suites": [],
          "passes": [
            "4db76ded-3ea0-479f-9d03-cb33855fd091",
            "84a57896-9a93-444d-a512-3d3063679f2f"
          ],
          "failures": [],
          "pending": [],
          "skipped": [],
          "duration": 4040,
          "root": false,
          "rootEmpty": false,
          "_timeout": 2000
        }
      ],
      "passes": [],
      "failures": [],
      "pending": [],
      "skipped": [],
      "duration": 0,
      "root": true,
      "rootEmpty": true,
      "_timeout": 2000
    }
  ],
  "meta": {
    "mocha": {
      "version": "7.0.1"
    },
    "mochawesome": {
      "options": {
        "quiet": false,
        "reportFilename": "[name]-result",
        "saveHtml": false,
        "saveJson": true,
        "consoleReporter": "spec",
        "useInlineDiffs": false,
        "code": true
      },
      "version": "7.1.3"
    },
    "marge": {
      "options": {
        "reportFilename": "[name]-result",
        "html": false
      },
      "version": "6.2.0"
    }
  }
}