{
  "stats": {
    "suites": 1,
    "tests": 1,
    "passes": 1,
    "pending": 0,
    "failures": 0,
    "start": "2024-04-05T20:29:12.104Z",
    "end": "2024-04-05T20:29:22.464Z",
    "duration": 10360,
    "testsRegistered": 1,
    "passPercent": 100,
    "pendingPercent": 0,
    "other": 0,
    "hasOther": false,
    "skipped": 0,
    "hasSkipped": false
  },
  "results": [
    {
      "uuid": "08f49ee8-54a6-4cce-8140-4052f4793c95",
      "title": "",
      "fullFile": "cypress\\e2e\\intercept.cy.js",
      "file": "cypress\\e2e\\intercept.cy.js",
      "beforeHooks": [],
      "afterHooks": [],
      "tests": [],
      "suites": [
        {
          "uuid": "724f1c51-7d94-4bd9-9c3a-38eb1b1c93f5",
          "title": "Teste do Carrinho de Compras",
          "fullFile": "",
          "file": "",
          "beforeHooks": [],
          "afterHooks": [],
          "tests": [
            {
              "title": "Adicionar, Remover e Atualizar",
              "fullTitle": "Teste do Carrinho de Compras Adicionar, Remover e Atualizar",
              "timedOut": null,
              "duration": 10303,
              "state": "passed",
              "speed": "slow",
              "pass": true,
              "fail": false,
              "pending": false,
              "context": null,
              "code": "//Adicionar Produto\ncy.intercept('POST', '**/public/addToCart', {\n  fixture: 'addToCart'\n}).as('addToCart');\nhomePage.openSearchProduct();\nhomePage.addItemToCart();\nhomePage.cartItems().should('have.text', 'Continue to payment');\n//Remover Produto\ncy.intercept('POST', '**/public/removeItem', {\n  fixture: 'removeItem'\n}).as('removeItem');\nhomePage.removeFromCart().should('have.text', 'Remove');\n//Atualizar Quantidade do Produto\ncy.intercept('POST', '**/public/updateItem', {\n  fixture: 'updateItem'\n}).as('updateItem');\nhomePage.updateFromCart().should('have.length', 1);\ncy.wait(3000);",
              "err": {},
              "uuid": "655d8dc8-83cc-41e1-9fd4-7b279d44fc02",
              "parentUUID": "724f1c51-7d94-4bd9-9c3a-38eb1b1c93f5",
              "isHook": false,
              "skipped": false
            }
          ],
          "suites": [],
          "passes": [
            "655d8dc8-83cc-41e1-9fd4-7b279d44fc02"
          ],
          "failures": [],
          "pending": [],
          "skipped": [],
          "duration": 10303,
          "root": false,
          "rootEmpty": false,
          "_timeout": 2000
        }
      ],
      "passes": [],
      "failures": [],
      "pending": [],
      "skipped": [],
      "duration": 0,
      "root": true,
      "rootEmpty": true,
      "_timeout": 2000
    }
  ],
  "meta": {
    "mocha": {
      "version": "7.0.1"
    },
    "mochawesome": {
      "options": {
        "quiet": false,
        "reportFilename": "[name]-result",
        "saveHtml": false,
        "saveJson": true,
        "consoleReporter": "spec",
        "useInlineDiffs": false,
        "code": true
      },
      "version": "7.1.3"
    },
    "marge": {
      "options": {
        "reportFilename": "[name]-result",
        "html": false
      },
      "version": "6.2.0"
    }
  }
}