{
  "stats": {
    "suites": 1,
    "tests": 1,
    "passes": 1,
    "pending": 0,
    "failures": 0,
    "start": "2024-04-03T00:28:27.197Z",
    "end": "2024-04-03T00:28:32.447Z",
    "duration": 5250,
    "testsRegistered": 1,
    "passPercent": 100,
    "pendingPercent": 0,
    "other": 0,
    "hasOther": false,
    "skipped": 0,
    "hasSkipped": false
  },
  "results": [
    {
      "uuid": "fcad01cb-b170-40bb-8d66-7aca55f85713",
      "title": "",
      "fullFile": "cypress\\e2e\\intercept.cy.js",
      "file": "cypress\\e2e\\intercept.cy.js",
      "beforeHooks": [],
      "afterHooks": [],
      "tests": [],
      "suites": [
        {
          "uuid": "7cde2d2c-bc4a-4994-9e7f-e9fcb7b11315",
          "title": "Teste de Autenticação",
          "fullFile": "",
          "file": "",
          "beforeHooks": [],
          "afterHooks": [],
          "tests": [
            {
              "title": "Categories should be empty with error",
              "fullTitle": "Teste de Autenticação Categories should be empty with error",
              "timedOut": null,
              "duration": 5191,
              "state": "passed",
              "speed": "medium",
              "pass": true,
              "fail": false,
              "pending": false,
              "context": null,
              "code": "cy.intercept('GET','**/public/getCategories', {statusCode: 500}).as('getCategoriesError')\nhomePage.openSearchProduct()\nhomePage.openCategoriesFilter()\nhomePage.categories().should('have.length', 1)",
              "err": {},
              "uuid": "a99ec8fe-48d0-4d74-8752-cd03f7a47c0d",
              "parentUUID": "7cde2d2c-bc4a-4994-9e7f-e9fcb7b11315",
              "isHook": false,
              "skipped": false
            }
          ],
          "suites": [],
          "passes": [
            "a99ec8fe-48d0-4d74-8752-cd03f7a47c0d"
          ],
          "failures": [],
          "pending": [],
          "skipped": [],
          "duration": 5191,
          "root": false,
          "rootEmpty": false,
          "_timeout": 2000
        }
      ],
      "passes": [],
      "failures": [],
      "pending": [],
      "skipped": [],
      "duration": 0,
      "root": true,
      "rootEmpty": true,
      "_timeout": 2000
    }
  ],
  "meta": {
    "mocha": {
      "version": "7.0.1"
    },
    "mochawesome": {
      "options": {
        "quiet": false,
        "reportFilename": "[name]-result",
        "saveHtml": false,
        "saveJson": true,
        "consoleReporter": "spec",
        "useInlineDiffs": false,
        "code": true
      },
      "version": "7.1.3"
    },
    "marge": {
      "options": {
        "reportFilename": "[name]-result",
        "html": false
      },
      "version": "6.2.0"
    }
  }
}