{
  "stats": {
    "suites": 10,
    "tests": 14,
    "passes": 14,
    "pending": 0,
    "failures": 0,
    "testsRegistered": 14,
    "passPercent": 100,
    "pendingPercent": 0,
    "other": 0,
    "hasOther": false,
    "skipped": 0,
    "hasSkipped": false,
    "start": "2024-04-03T00:28:04.434Z",
    "end": "2024-04-03T00:28:39.341Z",
    "duration": 34907
  },
  "results": [
    {
      "uuid": "b19086e6-2dc2-404e-a700-866b1ab7c88d",
      "title": "",
      "fullFile": "cypress\\e2e\\categoriesTest.cy.js",
      "file": "cypress\\e2e\\categoriesTest.cy.js",
      "beforeHooks": [],
      "afterHooks": [],
      "tests": [],
      "suites": [
        {
          "uuid": "154513df-b73d-4bf0-9a97-4b59e4eb2bc8",
          "title": "Enviroment Variables",
          "fullFile": "",
          "file": "",
          "beforeHooks": [],
          "afterHooks": [],
          "tests": [
            {
              "title": "Validação categoria Shoes",
              "fullTitle": "Enviroment Variables Validação categoria Shoes",
              "timedOut": null,
              "duration": 4945,
              "state": "passed",
              "speed": "fast",
              "pass": true,
              "fail": false,
              "pending": false,
              "context": null,
              "code": "//Utilizando uma fixures de categoria para separar os testes na mesma it\n            homePage.openSearchProduct()\n            homePage.openCategoriesFilter()\n            homePage.categories().should('contain.text', category.name)",
              "err": {},
              "uuid": "95662070-23e4-4480-a16c-2a77a8ed382b",
              "parentUUID": "154513df-b73d-4bf0-9a97-4b59e4eb2bc8",
              "isHook": false,
              "skipped": false
            },
            {
              "title": "Validação categoria Clothes",
              "fullTitle": "Enviroment Variables Validação categoria Clothes",
              "timedOut": null,
              "duration": 2791,
              "state": "passed",
              "speed": "fast",
              "pass": true,
              "fail": false,
              "pending": false,
              "context": null,
              "code": "//Utilizando uma fixures de categoria para separar os testes na mesma it\n            homePage.openSearchProduct()\n            homePage.openCategoriesFilter()\n            homePage.categories().should('contain.text', category.name)",
              "err": {},
              "uuid": "a88ec2b7-4d0a-4a44-9742-f83df6da4ee4",
              "parentUUID": "154513df-b73d-4bf0-9a97-4b59e4eb2bc8",
              "isHook": false,
              "skipped": false
            }
          ],
          "suites": [],
          "passes": [
            "95662070-23e4-4480-a16c-2a77a8ed382b",
            "a88ec2b7-4d0a-4a44-9742-f83df6da4ee4"
          ],
          "failures": [],
          "pending": [],
          "skipped": [],
          "duration": 7736,
          "root": false,
          "rootEmpty": false,
          "_timeout": 2000
        }
      ],
      "passes": [],
      "failures": [],
      "pending": [],
      "skipped": [],
      "duration": 0,
      "root": true,
      "rootEmpty": true,
      "_timeout": 2000
    },
    {
      "uuid": "a67a955f-fe17-4ba2-8854-cde7ee4f8397",
      "title": "",
      "fullFile": "cypress\\e2e\\envTest.cy.js",
      "file": "cypress\\e2e\\envTest.cy.js",
      "beforeHooks": [],
      "afterHooks": [],
      "tests": [],
      "suites": [
        {
          "uuid": "81b55ce4-38df-4099-b824-329b075ce7f4",
          "title": "Enviroment Variables",
          "fullFile": "",
          "file": "",
          "beforeHooks": [],
          "afterHooks": [],
          "tests": [
            {
              "title": "Default Env",
              "fullTitle": "Enviroment Variables Default Env",
              "timedOut": null,
              "duration": 4002,
              "state": "passed",
              "speed": "fast",
              "pass": true,
              "fail": false,
              "pending": false,
              "context": null,
              "code": "cy.log(Cypress.env(\"MY_ENV\"));\ncy.log(Cypress.env(\"ebacStoreVersion\"));\ncy.visit(\"/\");",
              "err": {},
              "uuid": "4db76ded-3ea0-479f-9d03-cb33855fd091",
              "parentUUID": "81b55ce4-38df-4099-b824-329b075ce7f4",
              "isHook": false,
              "skipped": false
            },
            {
              "title": "Config test env",
              "fullTitle": "Enviroment Variables Config test env",
              "timedOut": null,
              "duration": 38,
              "state": "passed",
              "speed": "fast",
              "pass": true,
              "fail": false,
              "pending": false,
              "context": null,
              "code": "cy.log(Cypress.env(\"MY_ENV\"));",
              "err": {},
              "uuid": "84a57896-9a93-444d-a512-3d3063679f2f",
              "parentUUID": "81b55ce4-38df-4099-b824-329b075ce7f4",
              "isHook": false,
              "skipped": false
            }
          ],
          "suites": [],
          "passes": [
            "4db76ded-3ea0-479f-9d03-cb33855fd091",
            "84a57896-9a93-444d-a512-3d3063679f2f"
          ],
          "failures": [],
          "pending": [],
          "skipped": [],
          "duration": 4040,
          "root": false,
          "rootEmpty": false,
          "_timeout": 2000
        }
      ],
      "passes": [],
      "failures": [],
      "pending": [],
      "skipped": [],
      "duration": 0,
      "root": true,
      "rootEmpty": true,
      "_timeout": 2000
    },
    {
      "uuid": "fcad01cb-b170-40bb-8d66-7aca55f85713",
      "title": "",
      "fullFile": "cypress\\e2e\\intercept.cy.js",
      "file": "cypress\\e2e\\intercept.cy.js",
      "beforeHooks": [],
      "afterHooks": [],
      "tests": [],
      "suites": [
        {
          "uuid": "7cde2d2c-bc4a-4994-9e7f-e9fcb7b11315",
          "title": "Teste de Autenticação",
          "fullFile": "",
          "file": "",
          "beforeHooks": [],
          "afterHooks": [],
          "tests": [
            {
              "title": "Categories should be empty with error",
              "fullTitle": "Teste de Autenticação Categories should be empty with error",
              "timedOut": null,
              "duration": 5191,
              "state": "passed",
              "speed": "medium",
              "pass": true,
              "fail": false,
              "pending": false,
              "context": null,
              "code": "cy.intercept('GET','**/public/getCategories', {statusCode: 500}).as('getCategoriesError')\nhomePage.openSearchProduct()\nhomePage.openCategoriesFilter()\nhomePage.categories().should('have.length', 1)",
              "err": {},
              "uuid": "a99ec8fe-48d0-4d74-8752-cd03f7a47c0d",
              "parentUUID": "7cde2d2c-bc4a-4994-9e7f-e9fcb7b11315",
              "isHook": false,
              "skipped": false
            }
          ],
          "suites": [],
          "passes": [
            "a99ec8fe-48d0-4d74-8752-cd03f7a47c0d"
          ],
          "failures": [],
          "pending": [],
          "skipped": [],
          "duration": 5191,
          "root": false,
          "rootEmpty": false,
          "_timeout": 2000
        }
      ],
      "passes": [],
      "failures": [],
      "pending": [],
      "skipped": [],
      "duration": 0,
      "root": true,
      "rootEmpty": true,
      "_timeout": 2000
    },
    {
      "uuid": "ab51b31d-a226-49ff-a2d1-e46be190a878",
      "title": "",
      "fullFile": "cypress\\e2e\\Login.feature",
      "file": "cypress\\e2e\\Login.feature",
      "beforeHooks": [],
      "afterHooks": [],
      "tests": [],
      "suites": [
        {
          "uuid": "94d3e03c-58f2-40dd-9b5e-08679629efd3",
          "title": "Autenticação",
          "fullFile": "",
          "file": "",
          "beforeHooks": [],
          "afterHooks": [],
          "tests": [
            {
              "title": "Login de usuário (example #1)",
              "fullTitle": "Autenticação Login de usuário (example #1)",
              "timedOut": null,
              "duration": 4829,
              "state": "passed",
              "speed": "fast",
              "pass": true,
              "fail": false,
              "pending": false,
              "context": null,
              "code": "var _a, _b, _c, _d, _e;\nconst { remainingSteps, testCaseStartedId } = retrieveInternalSpecProperties();\ntaskTestCaseStarted(context, {\n    id: testCaseStartedId,\n    testCaseId,\n    attempt: attempt++,\n    timestamp: (0, messages_1.createTimestamp)(),\n});\nwindow.testState = {\n    gherkinDocument,\n    pickles,\n    pickle,\n};\nconst onAfterStep = (options) => {\n    var _a, _b, _c;\n    const { testStepId, start, result } = options;\n    const end = (0, messages_1.createTimestamp)();\n    if (result === \"pending\" || result === \"skipped\") {\n        if (result === \"pending\") {\n            taskTestStepFinished(context, {\n                testStepId,\n                testCaseStartedId,\n                testStepResult: {\n                    status: messages.TestStepResultStatus.PENDING,\n                    duration: (0, messages_1.duration)(start, end),\n                },\n                timestamp: end,\n            });\n        }\n        else {\n            taskTestStepFinished(context, {\n                testStepId,\n                testCaseStartedId,\n                testStepResult: {\n                    status: messages.TestStepResultStatus.SKIPPED,\n                    duration: (0, messages_1.duration)(start, end),\n                },\n                timestamp: end,\n            });\n        }\n        remainingSteps.shift();\n        for (const skippedStep of remainingSteps) {\n            const hookIdOrPickleStepId = (0, assertions_1.assertAndReturn)((_b = (_a = skippedStep.hook) === null || _a === void 0 ? void 0 : _a.id) !== null && _b !== void 0 ? _b : (_c = skippedStep.pickleStep) === null || _c === void 0 ? void 0 : _c.id, \"Expected a step to either be a hook or a pickleStep\");\n            const testStepId = getTestStepId({\n                context,\n                pickleId: pickle.id,\n                hookIdOrPickleStepId,\n            });\n            taskTestStepStarted(context, {\n                testStepId,\n                testCaseStartedId,\n                timestamp: (0, messages_1.createTimestamp)(),\n            });\n            taskTestStepFinished(context, {\n                testStepId,\n                testCaseStartedId,\n                testStepResult: {\n                    status: messages.TestStepResultStatus.SKIPPED,\n                    duration: {\n                        seconds: 0,\n                        nanos: 0,\n                    },\n                },\n                timestamp: (0, messages_1.createTimestamp)(),\n            });\n        }\n        for (let i = 0, count = remainingSteps.length; i < count; i++) {\n            remainingSteps.pop();\n        }\n        cy.then(() => this.skip());\n    }\n    else {\n        taskTestStepFinished(context, {\n            testStepId,\n            testCaseStartedId,\n            testStepResult: {\n                status: messages.TestStepResultStatus.PASSED,\n                duration: (0, messages_1.duration)(start, end),\n            },\n            timestamp: end,\n        });\n        remainingSteps.shift();\n    }\n};\nfor (const step of steps) {\n    if (step.hook) {\n        const hook = step.hook;\n        const testStepId = getTestStepId({\n            context,\n            pickleId: pickle.id,\n            hookIdOrPickleStepId: hook.id,\n        });\n        cy.then(() => {\n            delete window.testState.pickleStep;\n            const start = (0, messages_1.createTimestamp)();\n            internalProperties.currentStepStartedAt = start;\n            taskTestStepStarted(context, {\n                testStepId,\n                testCaseStartedId,\n                timestamp: start,\n            });\n            return cy.wrap(start, { log: false });\n        })\n            .then((start) => {\n            const options = {\n                pickle,\n                gherkinDocument,\n                testCaseStartedId,\n            };\n            return (0, cypress_1.runStepWithLogGroup)({\n                fn: () => registry.runCaseHook(this, hook, options),\n                keyword: hook.keyword,\n                text: createStepDescription(hook),\n            }).then((result) => {\n                return { start, result };\n            });\n        })\n            .then(({ start, result }) => onAfterStep({ start, result, testStepId }));\n    }\n    else if (step.pickleStep) {\n        const pickleStep = step.pickleStep;\n        const testStepId = getTestStepId({\n            context,\n            pickleId: pickle.id,\n            hookIdOrPickleStepId: pickleStep.id,\n        });\n        const text = (0, assertions_1.assertAndReturn)(pickleStep.text, \"Expected pickle step to have a text\");\n        const scenarioStep = (0, assertions_1.assertAndReturn)(context.astIdsMap.get((0, assertions_1.assertAndReturn)((_a = pickleStep.astNodeIds) === null || _a === void 0 ? void 0 : _a[0], \"Expected to find at least one astNodeId\")), `Expected to find scenario step associated with id = ${(_b = pickleStep.astNodeIds) === null || _b === void 0 ? void 0 : _b[0]}`);\n        const argument = ((_c = pickleStep.argument) === null || _c === void 0 ? void 0 : _c.dataTable)\n            ? new data_table_1.default(pickleStep.argument.dataTable)\n            : ((_e = (_d = pickleStep.argument) === null || _d === void 0 ? void 0 : _d.docString) === null || _e === void 0 ? void 0 : _e.content)\n                ? pickleStep.argument.docString.content\n                : undefined;\n        cy.then(() => {\n            window.testState.pickleStep = step.pickleStep;\n            const start = (0, messages_1.createTimestamp)();\n            internalProperties.currentStep = { pickleStep };\n            internalProperties.currentStepStartedAt = start;\n            taskTestStepStarted(context, {\n                testStepId,\n                testCaseStartedId,\n                timestamp: start,\n            });\n            return cy.wrap(start, { log: false });\n        })\n            .then((start) => {\n            const beforeStepHooks = registry.resolveBeforeStepHooks(tags);\n            const afterStepHooks = registry.resolveAfterStepHooks(tags);\n            const options = {\n                pickle,\n                pickleStep,\n                gherkinDocument,\n                testCaseStartedId,\n                testStepId,\n            };\n            const beforeHooksChain = beforeStepHooks.reduce((chain, beforeStepHook) => {\n                return chain.then(() => (0, cypress_1.runStepWithLogGroup)({\n                    keyword: \"BeforeStep\",\n                    text: createStepDescription(beforeStepHook),\n                    fn: () => registry.runStepHook(this, beforeStepHook, options),\n                }));\n            }, cy.wrap({}, { log: false }));\n            return beforeHooksChain.then(() => {\n                try {\n                    return (0, cypress_1.runStepWithLogGroup)({\n                        keyword: (0, assertions_1.assertAndReturn)(\"keyword\" in scenarioStep && scenarioStep.keyword, \"Expected to find a keyword in the scenario step\"),\n                        argument,\n                        text,\n                        fn: () => registry.runStepDefininition(this, text, argument),\n                    }).then((result) => {\n                        return afterStepHooks\n                            .reduce((chain, afterStepHook) => {\n                            return chain.then(() => (0, cypress_1.runStepWithLogGroup)({\n                                keyword: \"AfterStep\",\n                                text: createStepDescription(afterStepHook),\n                                fn: () => registry.runStepHook(this, afterStepHook, options),\n                            }));\n                        }, cy.wrap({}, { log: false }))\n                            .then(() => {\n                            return { start, result };\n                        });\n                    });\n                }\n                catch (e) {\n                    if (e instanceof registry_1.MissingDefinitionError) {\n                        throw new Error(createMissingStepDefinitionMessage(context, pickleStep, context.registry.parameterTypeRegistry));\n                    }\n                    else {\n                        throw e;\n                    }\n                }\n            });\n        })\n            .then(({ start, result }) => onAfterStep({ start, result, testStepId }));\n    }\n}",
              "err": {},
              "uuid": "4eb8597b-3699-420c-842a-73d283416356",
              "parentUUID": "94d3e03c-58f2-40dd-9b5e-08679629efd3",
              "isHook": false,
              "skipped": false
            }
          ],
          "suites": [],
          "passes": [
            "4eb8597b-3699-420c-842a-73d283416356"
          ],
          "failures": [],
          "pending": [],
          "skipped": [],
          "duration": 4829,
          "root": false,
          "rootEmpty": false,
          "_timeout": 2000
        }
      ],
      "passes": [],
      "failures": [],
      "pending": [],
      "skipped": [],
      "duration": 0,
      "root": true,
      "rootEmpty": true,
      "_timeout": 2000
    },
    {
      "uuid": "b19086e6-2dc2-404e-a700-866b1ab7c88d",
      "title": "",
      "fullFile": "cypress\\e2e\\categoriesTest.cy.js",
      "file": "cypress\\e2e\\categoriesTest.cy.js",
      "beforeHooks": [],
      "afterHooks": [],
      "tests": [],
      "suites": [
        {
          "uuid": "154513df-b73d-4bf0-9a97-4b59e4eb2bc8",
          "title": "Enviroment Variables",
          "fullFile": "",
          "file": "",
          "beforeHooks": [],
          "afterHooks": [],
          "tests": [
            {
              "title": "Validação categoria Shoes",
              "fullTitle": "Enviroment Variables Validação categoria Shoes",
              "timedOut": null,
              "duration": 4945,
              "state": "passed",
              "speed": "fast",
              "pass": true,
              "fail": false,
              "pending": false,
              "context": null,
              "code": "//Utilizando uma fixures de categoria para separar os testes na mesma it\n            homePage.openSearchProduct()\n            homePage.openCategoriesFilter()\n            homePage.categories().should('contain.text', category.name)",
              "err": {},
              "uuid": "95662070-23e4-4480-a16c-2a77a8ed382b",
              "parentUUID": "154513df-b73d-4bf0-9a97-4b59e4eb2bc8",
              "isHook": false,
              "skipped": false
            },
            {
              "title": "Validação categoria Clothes",
              "fullTitle": "Enviroment Variables Validação categoria Clothes",
              "timedOut": null,
              "duration": 2791,
              "state": "passed",
              "speed": "fast",
              "pass": true,
              "fail": false,
              "pending": false,
              "context": null,
              "code": "//Utilizando uma fixures de categoria para separar os testes na mesma it\n            homePage.openSearchProduct()\n            homePage.openCategoriesFilter()\n            homePage.categories().should('contain.text', category.name)",
              "err": {},
              "uuid": "a88ec2b7-4d0a-4a44-9742-f83df6da4ee4",
              "parentUUID": "154513df-b73d-4bf0-9a97-4b59e4eb2bc8",
              "isHook": false,
              "skipped": false
            }
          ],
          "suites": [],
          "passes": [
            "95662070-23e4-4480-a16c-2a77a8ed382b",
            "a88ec2b7-4d0a-4a44-9742-f83df6da4ee4"
          ],
          "failures": [],
          "pending": [],
          "skipped": [],
          "duration": 7736,
          "root": false,
          "rootEmpty": false,
          "_timeout": 2000
        }
      ],
      "passes": [],
      "failures": [],
      "pending": [],
      "skipped": [],
      "duration": 0,
      "root": true,
      "rootEmpty": true,
      "_timeout": 2000
    },
    {
      "uuid": "a67a955f-fe17-4ba2-8854-cde7ee4f8397",
      "title": "",
      "fullFile": "cypress\\e2e\\envTest.cy.js",
      "file": "cypress\\e2e\\envTest.cy.js",
      "beforeHooks": [],
      "afterHooks": [],
      "tests": [],
      "suites": [
        {
          "uuid": "81b55ce4-38df-4099-b824-329b075ce7f4",
          "title": "Enviroment Variables",
          "fullFile": "",
          "file": "",
          "beforeHooks": [],
          "afterHooks": [],
          "tests": [
            {
              "title": "Default Env",
              "fullTitle": "Enviroment Variables Default Env",
              "timedOut": null,
              "duration": 4002,
              "state": "passed",
              "speed": "fast",
              "pass": true,
              "fail": false,
              "pending": false,
              "context": null,
              "code": "cy.log(Cypress.env(\"MY_ENV\"));\ncy.log(Cypress.env(\"ebacStoreVersion\"));\ncy.visit(\"/\");",
              "err": {},
              "uuid": "4db76ded-3ea0-479f-9d03-cb33855fd091",
              "parentUUID": "81b55ce4-38df-4099-b824-329b075ce7f4",
              "isHook": false,
              "skipped": false
            },
            {
              "title": "Config test env",
              "fullTitle": "Enviroment Variables Config test env",
              "timedOut": null,
              "duration": 38,
              "state": "passed",
              "speed": "fast",
              "pass": true,
              "fail": false,
              "pending": false,
              "context": null,
              "code": "cy.log(Cypress.env(\"MY_ENV\"));",
              "err": {},
              "uuid": "84a57896-9a93-444d-a512-3d3063679f2f",
              "parentUUID": "81b55ce4-38df-4099-b824-329b075ce7f4",
              "isHook": false,
              "skipped": false
            }
          ],
          "suites": [],
          "passes": [
            "4db76ded-3ea0-479f-9d03-cb33855fd091",
            "84a57896-9a93-444d-a512-3d3063679f2f"
          ],
          "failures": [],
          "pending": [],
          "skipped": [],
          "duration": 4040,
          "root": false,
          "rootEmpty": false,
          "_timeout": 2000
        }
      ],
      "passes": [],
      "failures": [],
      "pending": [],
      "skipped": [],
      "duration": 0,
      "root": true,
      "rootEmpty": true,
      "_timeout": 2000
    },
    {
      "uuid": "fcad01cb-b170-40bb-8d66-7aca55f85713",
      "title": "",
      "fullFile": "cypress\\e2e\\intercept.cy.js",
      "file": "cypress\\e2e\\intercept.cy.js",
      "beforeHooks": [],
      "afterHooks": [],
      "tests": [],
      "suites": [
        {
          "uuid": "7cde2d2c-bc4a-4994-9e7f-e9fcb7b11315",
          "title": "Teste de Autenticação",
          "fullFile": "",
          "file": "",
          "beforeHooks": [],
          "afterHooks": [],
          "tests": [
            {
              "title": "Categories should be empty with error",
              "fullTitle": "Teste de Autenticação Categories should be empty with error",
              "timedOut": null,
              "duration": 5191,
              "state": "passed",
              "speed": "medium",
              "pass": true,
              "fail": false,
              "pending": false,
              "context": null,
              "code": "cy.intercept('GET','**/public/getCategories', {statusCode: 500}).as('getCategoriesError')\nhomePage.openSearchProduct()\nhomePage.openCategoriesFilter()\nhomePage.categories().should('have.length', 1)",
              "err": {},
              "uuid": "a99ec8fe-48d0-4d74-8752-cd03f7a47c0d",
              "parentUUID": "7cde2d2c-bc4a-4994-9e7f-e9fcb7b11315",
              "isHook": false,
              "skipped": false
            }
          ],
          "suites": [],
          "passes": [
            "a99ec8fe-48d0-4d74-8752-cd03f7a47c0d"
          ],
          "failures": [],
          "pending": [],
          "skipped": [],
          "duration": 5191,
          "root": false,
          "rootEmpty": false,
          "_timeout": 2000
        }
      ],
      "passes": [],
      "failures": [],
      "pending": [],
      "skipped": [],
      "duration": 0,
      "root": true,
      "rootEmpty": true,
      "_timeout": 2000
    },
    {
      "uuid": "ab51b31d-a226-49ff-a2d1-e46be190a878",
      "title": "",
      "fullFile": "cypress\\e2e\\Login.feature",
      "file": "cypress\\e2e\\Login.feature",
      "beforeHooks": [],
      "afterHooks": [],
      "tests": [],
      "suites": [
        {
          "uuid": "94d3e03c-58f2-40dd-9b5e-08679629efd3",
          "title": "Autenticação",
          "fullFile": "",
          "file": "",
          "beforeHooks": [],
          "afterHooks": [],
          "tests": [
            {
              "title": "Login de usuário (example #1)",
              "fullTitle": "Autenticação Login de usuário (example #1)",
              "timedOut": null,
              "duration": 4829,
              "state": "passed",
              "speed": "fast",
              "pass": true,
              "fail": false,
              "pending": false,
              "context": null,
              "code": "var _a, _b, _c, _d, _e;\nconst { remainingSteps, testCaseStartedId } = retrieveInternalSpecProperties();\ntaskTestCaseStarted(context, {\n    id: testCaseStartedId,\n    testCaseId,\n    attempt: attempt++,\n    timestamp: (0, messages_1.createTimestamp)(),\n});\nwindow.testState = {\n    gherkinDocument,\n    pickles,\n    pickle,\n};\nconst onAfterStep = (options) => {\n    var _a, _b, _c;\n    const { testStepId, start, result } = options;\n    const end = (0, messages_1.createTimestamp)();\n    if (result === \"pending\" || result === \"skipped\") {\n        if (result === \"pending\") {\n            taskTestStepFinished(context, {\n                testStepId,\n                testCaseStartedId,\n                testStepResult: {\n                    status: messages.TestStepResultStatus.PENDING,\n                    duration: (0, messages_1.duration)(start, end),\n                },\n                timestamp: end,\n            });\n        }\n        else {\n            taskTestStepFinished(context, {\n                testStepId,\n                testCaseStartedId,\n                testStepResult: {\n                    status: messages.TestStepResultStatus.SKIPPED,\n                    duration: (0, messages_1.duration)(start, end),\n                },\n                timestamp: end,\n            });\n        }\n        remainingSteps.shift();\n        for (const skippedStep of remainingSteps) {\n            const hookIdOrPickleStepId = (0, assertions_1.assertAndReturn)((_b = (_a = skippedStep.hook) === null || _a === void 0 ? void 0 : _a.id) !== null && _b !== void 0 ? _b : (_c = skippedStep.pickleStep) === null || _c === void 0 ? void 0 : _c.id, \"Expected a step to either be a hook or a pickleStep\");\n            const testStepId = getTestStepId({\n                context,\n                pickleId: pickle.id,\n                hookIdOrPickleStepId,\n            });\n            taskTestStepStarted(context, {\n                testStepId,\n                testCaseStartedId,\n                timestamp: (0, messages_1.createTimestamp)(),\n            });\n            taskTestStepFinished(context, {\n                testStepId,\n                testCaseStartedId,\n                testStepResult: {\n                    status: messages.TestStepResultStatus.SKIPPED,\n                    duration: {\n                        seconds: 0,\n                        nanos: 0,\n                    },\n                },\n                timestamp: (0, messages_1.createTimestamp)(),\n            });\n        }\n        for (let i = 0, count = remainingSteps.length; i < count; i++) {\n            remainingSteps.pop();\n        }\n        cy.then(() => this.skip());\n    }\n    else {\n        taskTestStepFinished(context, {\n            testStepId,\n            testCaseStartedId,\n            testStepResult: {\n                status: messages.TestStepResultStatus.PASSED,\n                duration: (0, messages_1.duration)(start, end),\n            },\n            timestamp: end,\n        });\n        remainingSteps.shift();\n    }\n};\nfor (const step of steps) {\n    if (step.hook) {\n        const hook = step.hook;\n        const testStepId = getTestStepId({\n            context,\n            pickleId: pickle.id,\n            hookIdOrPickleStepId: hook.id,\n        });\n        cy.then(() => {\n            delete window.testState.pickleStep;\n            const start = (0, messages_1.createTimestamp)();\n            internalProperties.currentStepStartedAt = start;\n            taskTestStepStarted(context, {\n                testStepId,\n                testCaseStartedId,\n                timestamp: start,\n            });\n            return cy.wrap(start, { log: false });\n        })\n            .then((start) => {\n            const options = {\n                pickle,\n                gherkinDocument,\n                testCaseStartedId,\n            };\n            return (0, cypress_1.runStepWithLogGroup)({\n                fn: () => registry.runCaseHook(this, hook, options),\n                keyword: hook.keyword,\n                text: createStepDescription(hook),\n            }).then((result) => {\n                return { start, result };\n            });\n        })\n            .then(({ start, result }) => onAfterStep({ start, result, testStepId }));\n    }\n    else if (step.pickleStep) {\n        const pickleStep = step.pickleStep;\n        const testStepId = getTestStepId({\n            context,\n            pickleId: pickle.id,\n            hookIdOrPickleStepId: pickleStep.id,\n        });\n        const text = (0, assertions_1.assertAndReturn)(pickleStep.text, \"Expected pickle step to have a text\");\n        const scenarioStep = (0, assertions_1.assertAndReturn)(context.astIdsMap.get((0, assertions_1.assertAndReturn)((_a = pickleStep.astNodeIds) === null || _a === void 0 ? void 0 : _a[0], \"Expected to find at least one astNodeId\")), `Expected to find scenario step associated with id = ${(_b = pickleStep.astNodeIds) === null || _b === void 0 ? void 0 : _b[0]}`);\n        const argument = ((_c = pickleStep.argument) === null || _c === void 0 ? void 0 : _c.dataTable)\n            ? new data_table_1.default(pickleStep.argument.dataTable)\n            : ((_e = (_d = pickleStep.argument) === null || _d === void 0 ? void 0 : _d.docString) === null || _e === void 0 ? void 0 : _e.content)\n                ? pickleStep.argument.docString.content\n                : undefined;\n        cy.then(() => {\n            window.testState.pickleStep = step.pickleStep;\n            const start = (0, messages_1.createTimestamp)();\n            internalProperties.currentStep = { pickleStep };\n            internalProperties.currentStepStartedAt = start;\n            taskTestStepStarted(context, {\n                testStepId,\n                testCaseStartedId,\n                timestamp: start,\n            });\n            return cy.wrap(start, { log: false });\n        })\n            .then((start) => {\n            const beforeStepHooks = registry.resolveBeforeStepHooks(tags);\n            const afterStepHooks = registry.resolveAfterStepHooks(tags);\n            const options = {\n                pickle,\n                pickleStep,\n                gherkinDocument,\n                testCaseStartedId,\n                testStepId,\n            };\n            const beforeHooksChain = beforeStepHooks.reduce((chain, beforeStepHook) => {\n                return chain.then(() => (0, cypress_1.runStepWithLogGroup)({\n                    keyword: \"BeforeStep\",\n                    text: createStepDescription(beforeStepHook),\n                    fn: () => registry.runStepHook(this, beforeStepHook, options),\n                }));\n            }, cy.wrap({}, { log: false }));\n            return beforeHooksChain.then(() => {\n                try {\n                    return (0, cypress_1.runStepWithLogGroup)({\n                        keyword: (0, assertions_1.assertAndReturn)(\"keyword\" in scenarioStep && scenarioStep.keyword, \"Expected to find a keyword in the scenario step\"),\n                        argument,\n                        text,\n                        fn: () => registry.runStepDefininition(this, text, argument),\n                    }).then((result) => {\n                        return afterStepHooks\n                            .reduce((chain, afterStepHook) => {\n                            return chain.then(() => (0, cypress_1.runStepWithLogGroup)({\n                                keyword: \"AfterStep\",\n                                text: createStepDescription(afterStepHook),\n                                fn: () => registry.runStepHook(this, afterStepHook, options),\n                            }));\n                        }, cy.wrap({}, { log: false }))\n                            .then(() => {\n                            return { start, result };\n                        });\n                    });\n                }\n                catch (e) {\n                    if (e instanceof registry_1.MissingDefinitionError) {\n                        throw new Error(createMissingStepDefinitionMessage(context, pickleStep, context.registry.parameterTypeRegistry));\n                    }\n                    else {\n                        throw e;\n                    }\n                }\n            });\n        })\n            .then(({ start, result }) => onAfterStep({ start, result, testStepId }));\n    }\n}",
              "err": {},
              "uuid": "4eb8597b-3699-420c-842a-73d283416356",
              "parentUUID": "94d3e03c-58f2-40dd-9b5e-08679629efd3",
              "isHook": false,
              "skipped": false
            }
          ],
          "suites": [],
          "passes": [
            "4eb8597b-3699-420c-842a-73d283416356"
          ],
          "failures": [],
          "pending": [],
          "skipped": [],
          "duration": 4829,
          "root": false,
          "rootEmpty": false,
          "_timeout": 2000
        }
      ],
      "passes": [],
      "failures": [],
      "pending": [],
      "skipped": [],
      "duration": 0,
      "root": true,
      "rootEmpty": true,
      "_timeout": 2000
    },
    {
      "uuid": "07d129cf-e616-4ab3-b6bc-bec521bde76a",
      "title": "",
      "fullFile": "cypress\\e2e\\searchListTest.cy.js",
      "file": "cypress\\e2e\\searchListTest.cy.js",
      "beforeHooks": [],
      "afterHooks": [],
      "tests": [],
      "suites": [
        {
          "uuid": "1a62037c-dc1c-44fe-b2e2-0ef37a331ae4",
          "title": "Enviroment Variables",
          "fullFile": "",
          "file": "",
          "beforeHooks": [],
          "afterHooks": [],
          "tests": [
            {
              "title": "Deve pesquisar os produtos e ter um valor listado",
              "fullTitle": "Enviroment Variables Deve pesquisar os produtos e ter um valor listado",
              "timedOut": null,
              "duration": 4968,
              "state": "passed",
              "speed": "fast",
              "pass": true,
              "fail": false,
              "pending": false,
              "context": null,
              "code": "homePage.openSearchProduct();\nhomePage.searchProduct('i')\nhomePage.products().should('have.length.greaterThan', 0)\nhomePage.products().each(product =>{\n    let price = product.find('[data-testid=\"price\"]').text()\n    expect(price).to.contain('R$')\n})",
              "err": {},
              "uuid": "f509ae58-3cf4-434c-8929-2157c021e7bf",
              "parentUUID": "1a62037c-dc1c-44fe-b2e2-0ef37a331ae4",
              "isHook": false,
              "skipped": false
            }
          ],
          "suites": [],
          "passes": [
            "f509ae58-3cf4-434c-8929-2157c021e7bf"
          ],
          "failures": [],
          "pending": [],
          "skipped": [],
          "duration": 4968,
          "root": false,
          "rootEmpty": false,
          "_timeout": 2000
        }
      ],
      "passes": [],
      "failures": [],
      "pending": [],
      "skipped": [],
      "duration": 0,
      "root": true,
      "rootEmpty": true,
      "_timeout": 2000
    },
    {
      "uuid": "07d129cf-e616-4ab3-b6bc-bec521bde76a",
      "title": "",
      "fullFile": "cypress\\e2e\\searchListTest.cy.js",
      "file": "cypress\\e2e\\searchListTest.cy.js",
      "beforeHooks": [],
      "afterHooks": [],
      "tests": [],
      "suites": [
        {
          "uuid": "1a62037c-dc1c-44fe-b2e2-0ef37a331ae4",
          "title": "Enviroment Variables",
          "fullFile": "",
          "file": "",
          "beforeHooks": [],
          "afterHooks": [],
          "tests": [
            {
              "title": "Deve pesquisar os produtos e ter um valor listado",
              "fullTitle": "Enviroment Variables Deve pesquisar os produtos e ter um valor listado",
              "timedOut": null,
              "duration": 4968,
              "state": "passed",
              "speed": "fast",
              "pass": true,
              "fail": false,
              "pending": false,
              "context": null,
              "code": "homePage.openSearchProduct();\nhomePage.searchProduct('i')\nhomePage.products().should('have.length.greaterThan', 0)\nhomePage.products().each(product =>{\n    let price = product.find('[data-testid=\"price\"]').text()\n    expect(price).to.contain('R$')\n})",
              "err": {},
              "uuid": "f509ae58-3cf4-434c-8929-2157c021e7bf",
              "parentUUID": "1a62037c-dc1c-44fe-b2e2-0ef37a331ae4",
              "isHook": false,
              "skipped": false
            }
          ],
          "suites": [],
          "passes": [
            "f509ae58-3cf4-434c-8929-2157c021e7bf"
          ],
          "failures": [],
          "pending": [],
          "skipped": [],
          "duration": 4968,
          "root": false,
          "rootEmpty": false,
          "_timeout": 2000
        }
      ],
      "passes": [],
      "failures": [],
      "pending": [],
      "skipped": [],
      "duration": 0,
      "root": true,
      "rootEmpty": true,
      "_timeout": 2000
    }
  ],
  "meta": {
    "mocha": {
      "version": "7.0.1"
    },
    "mochawesome": {
      "options": {
        "quiet": false,
        "reportFilename": "[name]-result",
        "saveHtml": false,
        "saveJson": true,
        "consoleReporter": "spec",
        "useInlineDiffs": false,
        "code": true
      },
      "version": "7.1.3"
    },
    "marge": {
      "options": {
        "reportFilename": "[name]-result",
        "html": false
      },
      "version": "6.2.0"
    }
  }
}