{
  "stats": {
    "suites": 1,
    "tests": 1,
    "passes": 1,
    "pending": 0,
    "failures": 0,
    "start": "2024-04-03T00:28:34.309Z",
    "end": "2024-04-03T00:28:39.341Z",
    "duration": 5032,
    "testsRegistered": 1,
    "passPercent": 100,
    "pendingPercent": 0,
    "other": 0,
    "hasOther": false,
    "skipped": 0,
    "hasSkipped": false
  },
  "results": [
    {
      "uuid": "07d129cf-e616-4ab3-b6bc-bec521bde76a",
      "title": "",
      "fullFile": "cypress\\e2e\\searchListTest.cy.js",
      "file": "cypress\\e2e\\searchListTest.cy.js",
      "beforeHooks": [],
      "afterHooks": [],
      "tests": [],
      "suites": [
        {
          "uuid": "1a62037c-dc1c-44fe-b2e2-0ef37a331ae4",
          "title": "Enviroment Variables",
          "fullFile": "",
          "file": "",
          "beforeHooks": [],
          "afterHooks": [],
          "tests": [
            {
              "title": "Deve pesquisar os produtos e ter um valor listado",
              "fullTitle": "Enviroment Variables Deve pesquisar os produtos e ter um valor listado",
              "timedOut": null,
              "duration": 4968,
              "state": "passed",
              "speed": "fast",
              "pass": true,
              "fail": false,
              "pending": false,
              "context": null,
              "code": "homePage.openSearchProduct();\nhomePage.searchProduct('i')\nhomePage.products().should('have.length.greaterThan', 0)\nhomePage.products().each(product =>{\n    let price = product.find('[data-testid=\"price\"]').text()\n    expect(price).to.contain('R$')\n})",
              "err": {},
              "uuid": "f509ae58-3cf4-434c-8929-2157c021e7bf",
              "parentUUID": "1a62037c-dc1c-44fe-b2e2-0ef37a331ae4",
              "isHook": false,
              "skipped": false
            }
          ],
          "suites": [],
          "passes": [
            "f509ae58-3cf4-434c-8929-2157c021e7bf"
          ],
          "failures": [],
          "pending": [],
          "skipped": [],
          "duration": 4968,
          "root": false,
          "rootEmpty": false,
          "_timeout": 2000
        }
      ],
      "passes": [],
      "failures": [],
      "pending": [],
      "skipped": [],
      "duration": 0,
      "root": true,
      "rootEmpty": true,
      "_timeout": 2000
    }
  ],
  "meta": {
    "mocha": {
      "version": "7.0.1"
    },
    "mochawesome": {
      "options": {
        "quiet": false,
        "reportFilename": "[name]-result",
        "saveHtml": false,
        "saveJson": true,
        "consoleReporter": "spec",
        "useInlineDiffs": false,
        "code": true
      },
      "version": "7.1.3"
    },
    "marge": {
      "options": {
        "reportFilename": "[name]-result",
        "html": false
      },
      "version": "6.2.0"
    }
  }
}